[0.012s] Invoking command in '/home/kushal16/robotisim_ws/src/robot_control/build/robot_control_pkg': CMAKE_PREFIX_PATH=${CMAKE_PREFIX_PATH}:/opt/ros/humble /usr/bin/cmake /home/kushal16/robotisim_ws/src/robot_control/robot_control_pkg -DCMAKE_INSTALL_PREFIX=/home/kushal16/robotisim_ws/src/robot_control/install/robot_control_pkg
[0.071s] -- The C compiler identification is GNU 11.4.0
[0.128s] -- The CXX compiler identification is GNU 11.4.0
[0.135s] -- Detecting C compiler ABI info
[0.208s] -- Detecting C compiler ABI info - done
[0.215s] -- Check for working C compiler: /usr/bin/cc - skipped
[0.216s] -- Detecting C compile features
[0.216s] -- Detecting C compile features - done
[0.218s] -- Detecting CXX compiler ABI info
[0.303s] -- Detecting CXX compiler ABI info - done
[0.309s] -- Check for working CXX compiler: /usr/bin/c++ - skipped
[0.309s] -- Detecting CXX compile features
[0.310s] -- Detecting CXX compile features - done
[0.314s] -- Found ament_cmake: 1.3.8 (/opt/ros/humble/share/ament_cmake/cmake)
[0.460s] -- Found Python3: /usr/bin/python3 (found version "3.10.12") found components: Interpreter 
[0.569s] -- Found rclcpp: 16.0.8 (/opt/ros/humble/share/rclcpp/cmake)
[0.630s] -- Found rosidl_generator_c: 3.1.5 (/opt/ros/humble/share/rosidl_generator_c/cmake)
[0.639s] -- Found rosidl_adapter: 3.1.5 (/opt/ros/humble/share/rosidl_adapter/cmake)
[0.650s] -- Found rosidl_generator_cpp: 3.1.5 (/opt/ros/humble/share/rosidl_generator_cpp/cmake)
[0.668s] -- Using all available rosidl_typesupport_c: rosidl_typesupport_fastrtps_c;rosidl_typesupport_introspection_c
[0.691s] -- Using all available rosidl_typesupport_cpp: rosidl_typesupport_fastrtps_cpp;rosidl_typesupport_introspection_cpp
[0.773s] -- Found rmw_implementation_cmake: 6.1.1 (/opt/ros/humble/share/rmw_implementation_cmake/cmake)
[0.777s] -- Found rmw_fastrtps_cpp: 6.2.6 (/opt/ros/humble/share/rmw_fastrtps_cpp/cmake)
[0.923s] -- Found OpenSSL: /usr/lib/x86_64-linux-gnu/libcrypto.so (found version "3.0.2")  
[0.955s] -- Found FastRTPS: /opt/ros/humble/include  
[1.009s] -- Using RMW implementation 'rmw_fastrtps_cpp' as default
[1.024s] -- Looking for pthread.h
[1.104s] -- Looking for pthread.h - found
[1.104s] -- Performing Test CMAKE_HAVE_LIBC_PTHREAD
[1.183s] -- Performing Test CMAKE_HAVE_LIBC_PTHREAD - Success
[1.184s] -- Found Threads: TRUE  
[1.332s] -- Found geometry_msgs: 4.2.3 (/opt/ros/humble/share/geometry_msgs/cmake)
[1.425s] -- Configuring done
[1.434s] -- Generating done
[1.435s] -- Build files have been written to: /home/kushal16/robotisim_ws/src/robot_control/build/robot_control_pkg
[1.444s] Invoked command in '/home/kushal16/robotisim_ws/src/robot_control/build/robot_control_pkg' returned '0': CMAKE_PREFIX_PATH=${CMAKE_PREFIX_PATH}:/opt/ros/humble /usr/bin/cmake /home/kushal16/robotisim_ws/src/robot_control/robot_control_pkg -DCMAKE_INSTALL_PREFIX=/home/kushal16/robotisim_ws/src/robot_control/install/robot_control_pkg
[1.447s] Invoking command in '/home/kushal16/robotisim_ws/src/robot_control/build/robot_control_pkg': CMAKE_PREFIX_PATH=${CMAKE_PREFIX_PATH}:/opt/ros/humble /usr/bin/cmake --build /home/kushal16/robotisim_ws/src/robot_control/build/robot_control_pkg -- -j16 -l16
[1.500s] [ 50%] [32mBuilding CXX object CMakeFiles/drive_turtle.dir/src/drive_turtle.cpp.o[0m
[4.971s] [100%] [32m[1mLinking CXX executable drive_turtle[0m
[5.178s] [100%] Built target drive_turtle
[5.191s] Invoked command in '/home/kushal16/robotisim_ws/src/robot_control/build/robot_control_pkg' returned '0': CMAKE_PREFIX_PATH=${CMAKE_PREFIX_PATH}:/opt/ros/humble /usr/bin/cmake --build /home/kushal16/robotisim_ws/src/robot_control/build/robot_control_pkg -- -j16 -l16
[5.234s] Invoking command in '/home/kushal16/robotisim_ws/src/robot_control/build/robot_control_pkg': CMAKE_PREFIX_PATH=${CMAKE_PREFIX_PATH}:/opt/ros/humble /usr/bin/cmake --install /home/kushal16/robotisim_ws/src/robot_control/build/robot_control_pkg
[5.241s] -- Install configuration: ""
[5.242s] -- Installing: /home/kushal16/robotisim_ws/src/robot_control/install/robot_control_pkg/lib/robot_control_pkg/drive_turtle
[5.243s] -- Set runtime path of "/home/kushal16/robotisim_ws/src/robot_control/install/robot_control_pkg/lib/robot_control_pkg/drive_turtle" to ""
[5.243s] -- Installing: /home/kushal16/robotisim_ws/src/robot_control/install/robot_control_pkg/share/robot_control_pkg/launch
[5.243s] -- Installing: /home/kushal16/robotisim_ws/src/robot_control/install/robot_control_pkg/share/robot_control_pkg/launch/tb_bringup.launch.py
[5.243s] -- Installing: /home/kushal16/robotisim_ws/src/robot_control/install/robot_control_pkg/share/ament_index/resource_index/package_run_dependencies/robot_control_pkg
[5.243s] -- Installing: /home/kushal16/robotisim_ws/src/robot_control/install/robot_control_pkg/share/ament_index/resource_index/parent_prefix_path/robot_control_pkg
[5.244s] -- Installing: /home/kushal16/robotisim_ws/src/robot_control/install/robot_control_pkg/share/robot_control_pkg/environment/ament_prefix_path.sh
[5.244s] -- Installing: /home/kushal16/robotisim_ws/src/robot_control/install/robot_control_pkg/share/robot_control_pkg/environment/ament_prefix_path.dsv
[5.244s] -- Installing: /home/kushal16/robotisim_ws/src/robot_control/install/robot_control_pkg/share/robot_control_pkg/environment/path.sh
[5.244s] -- Installing: /home/kushal16/robotisim_ws/src/robot_control/install/robot_control_pkg/share/robot_control_pkg/environment/path.dsv
[5.244s] -- Installing: /home/kushal16/robotisim_ws/src/robot_control/install/robot_control_pkg/share/robot_control_pkg/local_setup.bash
[5.244s] -- Installing: /home/kushal16/robotisim_ws/src/robot_control/install/robot_control_pkg/share/robot_control_pkg/local_setup.sh
[5.244s] -- Installing: /home/kushal16/robotisim_ws/src/robot_control/install/robot_control_pkg/share/robot_control_pkg/local_setup.zsh
[5.245s] -- Installing: /home/kushal16/robotisim_ws/src/robot_control/install/robot_control_pkg/share/robot_control_pkg/local_setup.dsv
[5.245s] -- Installing: /home/kushal16/robotisim_ws/src/robot_control/install/robot_control_pkg/share/robot_control_pkg/package.dsv
[5.245s] -- Installing: /home/kushal16/robotisim_ws/src/robot_control/install/robot_control_pkg/share/ament_index/resource_index/packages/robot_control_pkg
[5.245s] -- Installing: /home/kushal16/robotisim_ws/src/robot_control/install/robot_control_pkg/share/robot_control_pkg/cmake/robot_control_pkgConfig.cmake
[5.245s] -- Installing: /home/kushal16/robotisim_ws/src/robot_control/install/robot_control_pkg/share/robot_control_pkg/cmake/robot_control_pkgConfig-version.cmake
[5.246s] -- Installing: /home/kushal16/robotisim_ws/src/robot_control/install/robot_control_pkg/share/robot_control_pkg/package.xml
[5.248s] Invoked command in '/home/kushal16/robotisim_ws/src/robot_control/build/robot_control_pkg' returned '0': CMAKE_PREFIX_PATH=${CMAKE_PREFIX_PATH}:/opt/ros/humble /usr/bin/cmake --install /home/kushal16/robotisim_ws/src/robot_control/build/robot_control_pkg
